src/android/app/build/intermediates/manifest_merge_blame_file/debug/manifest-merger-blame-debug-report.txt
1<?xml version="1.0" encoding="utf-8"?>
2<manifest xmlns:android="http://schemas.android.com/apk/res/android"
3    package="com.anonymous.fesafetrakr"
4    android:versionCode="1"
5    android:versionName="1.0.0" >
6
7    <uses-sdk
8        android:minSdkVersion="21"
9        android:targetSdkVersion="33" />
10
11    <uses-permission android:name="android.permission.SYSTEM_ALERT_WINDOW" />
11-->src/main/AndroidManifest.xml:8:3-75
11-->src/main/AndroidManifest.xml:8:20-73
12    <uses-permission android:name="android.permission.ACCESS_BACKGROUND_LOCATION" />
12-->src/main/AndroidManifest.xml:2:3-82
12-->src/main/AndroidManifest.xml:2:20-80
13    <uses-permission android:name="android.permission.ACCESS_COARSE_LOCATION" />
13-->src/main/AndroidManifest.xml:3:3-78
13-->src/main/AndroidManifest.xml:3:20-76
14    <uses-permission android:name="android.permission.ACCESS_FINE_LOCATION" />
14-->src/main/AndroidManifest.xml:4:3-76
14-->src/main/AndroidManifest.xml:4:20-74
15    <uses-permission android:name="android.permission.FOREGROUND_SERVICE" />
15-->src/main/AndroidManifest.xml:5:3-74
15-->src/main/AndroidManifest.xml:5:20-72
16    <uses-permission android:name="android.permission.INTERNET" />
16-->src/main/AndroidManifest.xml:6:3-64
16-->src/main/AndroidManifest.xml:6:20-62
17    <uses-permission android:name="android.permission.READ_EXTERNAL_STORAGE" />
17-->src/main/AndroidManifest.xml:7:3-77
17-->src/main/AndroidManifest.xml:7:20-75
18    <uses-permission android:name="android.permission.VIBRATE" />
18-->src/main/AndroidManifest.xml:9:3-63
18-->src/main/AndroidManifest.xml:9:20-61
19    <uses-permission android:name="android.permission.WRITE_EXTERNAL_STORAGE" />
19-->src/main/AndroidManifest.xml:10:3-78
19-->src/main/AndroidManifest.xml:10:20-76
20    <uses-permission android:name="android.permission.SEND_SMS" />
20-->src/main/AndroidManifest.xml:11:3-64
20-->src/main/AndroidManifest.xml:11:20-62
21
22    <queries>
22-->src/main/AndroidManifest.xml:12:3-18:13
23        <intent>
23-->src/main/AndroidManifest.xml:13:5-17:14
24            <action android:name="android.intent.action.VIEW" />
24-->src/main/AndroidManifest.xml:14:7-58
24-->src/main/AndroidManifest.xml:14:15-56
25
26            <category android:name="android.intent.category.BROWSABLE" />
26-->src/main/AndroidManifest.xml:15:7-67
26-->src/main/AndroidManifest.xml:15:17-65
27
28            <data android:scheme="https" />
28-->src/main/AndroidManifest.xml:16:7-37
28-->src/main/AndroidManifest.xml:16:13-35
29        </intent>
30
31        <package android:name="host.exp.exponent" /> <!-- Query open documents -->
31-->[:expo-dev-launcher] AndroidManifest.xml:8:9-53
31-->[:expo-dev-launcher] AndroidManifest.xml:8:18-50
32        <intent>
32-->[:expo-file-system] AndroidManifest.xml:15:9-17:18
33            <action android:name="android.intent.action.OPEN_DOCUMENT_TREE" />
33-->[:expo-file-system] AndroidManifest.xml:16:13-79
33-->[:expo-file-system] AndroidManifest.xml:16:21-76
34        </intent>
35        <intent>
35-->[:expo-sms] AndroidManifest.xml:8:9-14:18
36
37            <!-- Required for file sharing if targeting API 30 -->
38            <action android:name="android.intent.action.SEND" />
38-->[:expo-sms] AndroidManifest.xml:11:13-65
38-->[:expo-sms] AndroidManifest.xml:11:21-62
39
40            <data android:mimeType="*/*" />
40-->src/main/AndroidManifest.xml:16:7-37
41        </intent> <!-- Fallback SENDTO -->
42        <intent>
42-->[:expo-sms] AndroidManifest.xml:16:9-23:18
43            <action android:name="android.intent.action.SENDTO" />
43-->[:expo-sms] AndroidManifest.xml:17:13-67
43-->[:expo-sms] AndroidManifest.xml:17:21-64
44
45            <category android:name="android.intent.category.DEFAULT" />
45-->src/main/AndroidManifest.xml:32:9-67
45-->src/main/AndroidManifest.xml:32:19-65
46            <category android:name="android.intent.category.BROWSABLE" />
46-->src/main/AndroidManifest.xml:15:7-67
46-->src/main/AndroidManifest.xml:15:17-65
47
48            <data android:scheme="sms" />
48-->src/main/AndroidManifest.xml:16:7-37
48-->src/main/AndroidManifest.xml:16:13-35
49        </intent>
50        <intent>
50-->[:expo-sms] AndroidManifest.xml:24:9-31:18
51            <action android:name="android.intent.action.SENDTO" />
51-->[:expo-sms] AndroidManifest.xml:17:13-67
51-->[:expo-sms] AndroidManifest.xml:17:21-64
52
53            <category android:name="android.intent.category.DEFAULT" />
53-->src/main/AndroidManifest.xml:32:9-67
53-->src/main/AndroidManifest.xml:32:19-65
54            <category android:name="android.intent.category.BROWSABLE" />
54-->src/main/AndroidManifest.xml:15:7-67
54-->src/main/AndroidManifest.xml:15:17-65
55
56            <data android:scheme="smsto" />
56-->src/main/AndroidManifest.xml:16:7-37
56-->src/main/AndroidManifest.xml:16:13-35
57        </intent> <!-- Needs to be explicitly declared on Android R+ -->
58        <package android:name="com.google.android.apps.maps" />
58-->[com.google.android.gms:play-services-maps:18.0.2] AndroidManifest.xml:33:9-64
58-->[com.google.android.gms:play-services-maps:18.0.2] AndroidManifest.xml:33:18-61
59    </queries>
60
61    <uses-permission android:name="android.permission.ACCESS_WIFI_STATE" />
61-->[com.facebook.flipper:flipper:0.182.0] AndroidManifest.xml:16:5-76
61-->[com.facebook.flipper:flipper:0.182.0] AndroidManifest.xml:16:22-73
62    <uses-permission android:name="android.permission.RECEIVE_BOOT_COMPLETED" />
62-->[:expo-notifications] AndroidManifest.xml:7:5-81
62-->[:expo-notifications] AndroidManifest.xml:7:22-78
63    <uses-permission android:name="android.permission.POST_NOTIFICATIONS" /> <!-- Include required permissions for Google Maps API to run. -->
63-->[:expo-notifications] AndroidManifest.xml:8:5-77
63-->[:expo-notifications] AndroidManifest.xml:8:22-74
64    <uses-permission android:name="android.permission.ACCESS_NETWORK_STATE" />
64-->[com.google.android.gms:play-services-maps:18.0.2] AndroidManifest.xml:23:5-79
64-->[com.google.android.gms:play-services-maps:18.0.2] AndroidManifest.xml:23:22-76
65
66    <uses-feature
66-->[com.google.android.gms:play-services-maps:18.0.2] AndroidManifest.xml:26:5-28:35
67        android:glEsVersion="0x00020000"
67-->[com.google.android.gms:play-services-maps:18.0.2] AndroidManifest.xml:27:9-41
68        android:required="true" />
68-->[com.google.android.gms:play-services-maps:18.0.2] AndroidManifest.xml:28:9-32
69
70    <uses-permission android:name="android.permission.WAKE_LOCK" /> <!-- Required by older versions of Google Play services to create IID tokens -->
70-->[com.google.firebase:firebase-messaging:22.0.0] AndroidManifest.xml:23:5-68
70-->[com.google.firebase:firebase-messaging:22.0.0] AndroidManifest.xml:23:22-65
71    <uses-permission android:name="com.google.android.c2dm.permission.RECEIVE" />
71-->[com.google.firebase:firebase-messaging:22.0.0] AndroidManifest.xml:25:5-82
71-->[com.google.firebase:firebase-messaging:22.0.0] AndroidManifest.xml:25:22-79
72    <uses-permission android:name="com.google.android.finsky.permission.BIND_GET_INSTALL_REFERRER_SERVICE" />
72-->[com.android.installreferrer:installreferrer:1.0] AndroidManifest.xml:9:5-110
72-->[com.android.installreferrer:installreferrer:1.0] AndroidManifest.xml:9:22-107
73    <uses-permission android:name="com.google.android.providers.gsf.permission.READ_GSERVICES" />
73-->[io.nlopez.smartlocation:library:3.3.3] AndroidManifest.xml:15:5-98
73-->[io.nlopez.smartlocation:library:3.3.3] AndroidManifest.xml:15:22-95
74    <uses-permission android:name="com.google.android.gms.permission.ACTIVITY_RECOGNITION" /> <!-- for android -->
74-->[io.nlopez.smartlocation:library:3.3.3] AndroidManifest.xml:16:5-94
74-->[io.nlopez.smartlocation:library:3.3.3] AndroidManifest.xml:16:22-91
75    <!-- <uses-permission android:name="com.android.launcher.permission.READ_SETTINGS"/> -->
76    <!-- <uses-permission android:name="com.android.launcher.permission.WRITE_SETTINGS"/> -->
77    <!-- <uses-permission android:name="com.android.launcher.permission.INSTALL_SHORTCUT" /> -->
78    <!-- <uses-permission android:name="com.android.launcher.permission.UNINSTALL_SHORTCUT" /> -->
79    <!-- for Samsung -->
80    <uses-permission android:name="com.sec.android.provider.badge.permission.READ" />
80-->[me.leolin:ShortcutBadger:1.1.22] AndroidManifest.xml:19:5-86
80-->[me.leolin:ShortcutBadger:1.1.22] AndroidManifest.xml:19:22-83
81    <uses-permission android:name="com.sec.android.provider.badge.permission.WRITE" /> <!-- for htc -->
81-->[me.leolin:ShortcutBadger:1.1.22] AndroidManifest.xml:20:5-87
81-->[me.leolin:ShortcutBadger:1.1.22] AndroidManifest.xml:20:22-84
82    <uses-permission android:name="com.htc.launcher.permission.READ_SETTINGS" />
82-->[me.leolin:ShortcutBadger:1.1.22] AndroidManifest.xml:23:5-81
82-->[me.leolin:ShortcutBadger:1.1.22] AndroidManifest.xml:23:22-78
83    <uses-permission android:name="com.htc.launcher.permission.UPDATE_SHORTCUT" /> <!-- for sony -->
83-->[me.leolin:ShortcutBadger:1.1.22] AndroidManifest.xml:24:5-83
83-->[me.leolin:ShortcutBadger:1.1.22] AndroidManifest.xml:24:22-80
84    <uses-permission android:name="com.sonyericsson.home.permission.BROADCAST_BADGE" />
84-->[me.leolin:ShortcutBadger:1.1.22] AndroidManifest.xml:27:5-88
84-->[me.leolin:ShortcutBadger:1.1.22] AndroidManifest.xml:27:22-85
85    <uses-permission android:name="com.sonymobile.home.permission.PROVIDER_INSERT_BADGE" /> <!-- for apex -->
85-->[me.leolin:ShortcutBadger:1.1.22] AndroidManifest.xml:28:5-92
85-->[me.leolin:ShortcutBadger:1.1.22] AndroidManifest.xml:28:22-89
86    <uses-permission android:name="com.anddoes.launcher.permission.UPDATE_COUNT" /> <!-- for solid -->
86-->[me.leolin:ShortcutBadger:1.1.22] AndroidManifest.xml:31:5-84
86-->[me.leolin:ShortcutBadger:1.1.22] AndroidManifest.xml:31:22-81
87    <uses-permission android:name="com.majeur.launcher.permission.UPDATE_BADGE" /> <!-- for huawei -->
87-->[me.leolin:ShortcutBadger:1.1.22] AndroidManifest.xml:34:5-83
87-->[me.leolin:ShortcutBadger:1.1.22] AndroidManifest.xml:34:22-80
88    <uses-permission android:name="com.huawei.android.launcher.permission.CHANGE_BADGE" />
88-->[me.leolin:ShortcutBadger:1.1.22] AndroidManifest.xml:37:5-91
88-->[me.leolin:ShortcutBadger:1.1.22] AndroidManifest.xml:37:22-88
89    <uses-permission android:name="com.huawei.android.launcher.permission.READ_SETTINGS" />
89-->[me.leolin:ShortcutBadger:1.1.22] AndroidManifest.xml:38:5-92
89-->[me.leolin:ShortcutBadger:1.1.22] AndroidManifest.xml:38:22-89
90    <uses-permission android:name="com.huawei.android.launcher.permission.WRITE_SETTINGS" /> <!-- for ZUK -->
90-->[me.leolin:ShortcutBadger:1.1.22] AndroidManifest.xml:39:5-93
90-->[me.leolin:ShortcutBadger:1.1.22] AndroidManifest.xml:39:22-90
91    <uses-permission android:name="android.permission.READ_APP_BADGE" /> <!-- for OPPO -->
91-->[me.leolin:ShortcutBadger:1.1.22] AndroidManifest.xml:42:5-73
91-->[me.leolin:ShortcutBadger:1.1.22] AndroidManifest.xml:42:22-70
92    <uses-permission android:name="com.oppo.launcher.permission.READ_SETTINGS" />
92-->[me.leolin:ShortcutBadger:1.1.22] AndroidManifest.xml:45:5-82
92-->[me.leolin:ShortcutBadger:1.1.22] AndroidManifest.xml:45:22-79
93    <uses-permission android:name="com.oppo.launcher.permission.WRITE_SETTINGS" /> <!-- for EvMe -->
93-->[me.leolin:ShortcutBadger:1.1.22] AndroidManifest.xml:46:5-83
93-->[me.leolin:ShortcutBadger:1.1.22] AndroidManifest.xml:46:22-80
94    <uses-permission android:name="me.everything.badger.permission.BADGE_COUNT_READ" />
94-->[me.leolin:ShortcutBadger:1.1.22] AndroidManifest.xml:49:5-88
94-->[me.leolin:ShortcutBadger:1.1.22] AndroidManifest.xml:49:22-85
95    <uses-permission android:name="me.everything.badger.permission.BADGE_COUNT_WRITE" />
95-->[me.leolin:ShortcutBadger:1.1.22] AndroidManifest.xml:50:5-89
95-->[me.leolin:ShortcutBadger:1.1.22] AndroidManifest.xml:50:22-86
96
97    <application
97-->src/main/AndroidManifest.xml:19:3-41:17
98        android:name="com.anonymous.fesafetrakr.MainApplication"
98-->src/main/AndroidManifest.xml:19:16-47
99        android:allowBackup="true"
99-->src/main/AndroidManifest.xml:19:162-188
100        android:appComponentFactory="androidx.core.app.CoreComponentFactory"
100-->[androidx.core:core:1.8.0] AndroidManifest.xml:24:18-86
101        android:debuggable="true"
102        android:icon="@mipmap/ic_launcher"
102-->src/main/AndroidManifest.xml:19:81-115
103        android:label="@string/app_name"
103-->src/main/AndroidManifest.xml:19:48-80
104        android:roundIcon="@mipmap/ic_launcher_round"
104-->src/main/AndroidManifest.xml:19:116-161
105        android:theme="@style/AppTheme"
105-->src/main/AndroidManifest.xml:19:189-220
106        android:usesCleartextTraffic="true" >
106-->src/debug/AndroidManifest.xml:6:18-53
107        <meta-data
107-->src/main/AndroidManifest.xml:20:5-119
108            android:name="com.google.android.geo.API_KEY"
108-->src/main/AndroidManifest.xml:20:16-61
109            android:value="AIzaSyDvVmqahHXDsFvalXZLkcfh5PL5F4Id8zo" />
109-->src/main/AndroidManifest.xml:20:62-117
110        <meta-data
110-->src/main/AndroidManifest.xml:21:5-83
111            android:name="expo.modules.updates.ENABLED"
111-->src/main/AndroidManifest.xml:21:16-59
112            android:value="false" />
112-->src/main/AndroidManifest.xml:21:60-81
113        <meta-data
113-->src/main/AndroidManifest.xml:22:5-93
114            android:name="expo.modules.updates.EXPO_SDK_VERSION"
114-->src/main/AndroidManifest.xml:22:16-68
115            android:value="49.0.0" />
115-->src/main/AndroidManifest.xml:22:69-91
116        <meta-data
116-->src/main/AndroidManifest.xml:23:5-105
117            android:name="expo.modules.updates.EXPO_UPDATES_CHECK_ON_LAUNCH"
117-->src/main/AndroidManifest.xml:23:16-80
118            android:value="ALWAYS" />
118-->src/main/AndroidManifest.xml:23:81-103
119        <meta-data
119-->src/main/AndroidManifest.xml:24:5-99
120            android:name="expo.modules.updates.EXPO_UPDATES_LAUNCH_WAIT_MS"
120-->src/main/AndroidManifest.xml:24:16-79
121            android:value="0" />
121-->src/main/AndroidManifest.xml:24:80-97
122
123        <activity
123-->src/main/AndroidManifest.xml:25:5-38:16
124            android:name="com.anonymous.fesafetrakr.MainActivity"
124-->src/main/AndroidManifest.xml:25:15-43
125            android:configChanges="keyboard|keyboardHidden|orientation|screenSize|uiMode"
125-->src/main/AndroidManifest.xml:25:77-154
126            android:exported="true"
126-->src/main/AndroidManifest.xml:25:276-299
127            android:label="@string/app_name"
127-->src/main/AndroidManifest.xml:25:44-76
128            android:launchMode="singleTask"
128-->src/main/AndroidManifest.xml:25:155-186
129            android:theme="@style/Theme.App.SplashScreen"
129-->src/main/AndroidManifest.xml:25:230-275
130            android:windowSoftInputMode="adjustResize" >
130-->src/main/AndroidManifest.xml:25:187-229
131            <intent-filter>
131-->src/main/AndroidManifest.xml:26:7-29:23
132                <action android:name="android.intent.action.MAIN" />
132-->src/main/AndroidManifest.xml:27:9-60
132-->src/main/AndroidManifest.xml:27:17-58
133
134                <category android:name="android.intent.category.LAUNCHER" />
134-->src/main/AndroidManifest.xml:28:9-68
134-->src/main/AndroidManifest.xml:28:19-66
135            </intent-filter>
136            <intent-filter>
136-->src/main/AndroidManifest.xml:30:7-37:23
137                <action android:name="android.intent.action.VIEW" />
137-->src/main/AndroidManifest.xml:14:7-58
137-->src/main/AndroidManifest.xml:14:15-56
138
139                <category android:name="android.intent.category.DEFAULT" />
139-->src/main/AndroidManifest.xml:32:9-67
139-->src/main/AndroidManifest.xml:32:19-65
140                <category android:name="android.intent.category.BROWSABLE" />
140-->src/main/AndroidManifest.xml:15:7-67
140-->src/main/AndroidManifest.xml:15:17-65
141
142                <data android:scheme="fe-safetrakr" />
142-->src/main/AndroidManifest.xml:16:7-37
142-->src/main/AndroidManifest.xml:16:13-35
143                <data android:scheme="com.anonymous.fesafetrakr" />
143-->src/main/AndroidManifest.xml:16:7-37
143-->src/main/AndroidManifest.xml:16:13-35
144                <data android:scheme="exp+fe-safetrakr" />
144-->src/main/AndroidManifest.xml:16:7-37
144-->src/main/AndroidManifest.xml:16:13-35
145            </intent-filter>
146        </activity>
147        <activity
147-->src/main/AndroidManifest.xml:39:5-106
148            android:name="com.facebook.react.devsupport.DevSettingsActivity"
148-->src/main/AndroidManifest.xml:39:15-79
149            android:exported="false" />
149-->src/main/AndroidManifest.xml:39:80-104
150
151        <uses-library
151-->src/main/AndroidManifest.xml:40:5-83
152            android:name="org.apache.http.legacy"
152-->src/main/AndroidManifest.xml:40:19-56
153            android:required="false" />
153-->src/main/AndroidManifest.xml:40:57-81
154
155        <meta-data
155-->[:expo-dev-launcher] AndroidManifest.xml:12:9-14:37
156            android:name="expo.modules.updates.AUTO_SETUP"
156-->[:expo-dev-launcher] AndroidManifest.xml:13:13-59
157            android:value="false" />
157-->[:expo-dev-launcher] AndroidManifest.xml:14:13-34
158
159        <activity
159-->[:expo-dev-launcher] AndroidManifest.xml:16:9-29:20
160            android:name="expo.modules.devlauncher.launcher.DevLauncherActivity"
160-->[:expo-dev-launcher] AndroidManifest.xml:17:13-81
161            android:exported="true"
161-->[:expo-dev-launcher] AndroidManifest.xml:18:13-36
162            android:launchMode="singleTask"
162-->[:expo-dev-launcher] AndroidManifest.xml:19:13-44
163            android:theme="@style/Theme.DevLauncher.LauncherActivity" >
163-->[:expo-dev-launcher] AndroidManifest.xml:20:13-70
164            <intent-filter>
164-->[:expo-dev-launcher] AndroidManifest.xml:21:13-28:29
165                <action android:name="android.intent.action.VIEW" />
165-->src/main/AndroidManifest.xml:14:7-58
165-->src/main/AndroidManifest.xml:14:15-56
166
167                <category android:name="android.intent.category.DEFAULT" />
167-->src/main/AndroidManifest.xml:32:9-67
167-->src/main/AndroidManifest.xml:32:19-65
168                <category android:name="android.intent.category.BROWSABLE" />
168-->src/main/AndroidManifest.xml:15:7-67
168-->src/main/AndroidManifest.xml:15:17-65
169
170                <data android:scheme="expo-dev-launcher" />
170-->src/main/AndroidManifest.xml:16:7-37
170-->src/main/AndroidManifest.xml:16:13-35
171            </intent-filter>
172        </activity>
173        <activity
173-->[:expo-dev-launcher] AndroidManifest.xml:30:9-33:70
174            android:name="expo.modules.devlauncher.launcher.errors.DevLauncherErrorActivity"
174-->[:expo-dev-launcher] AndroidManifest.xml:31:13-93
175            android:screenOrientation="portrait"
175-->[:expo-dev-launcher] AndroidManifest.xml:32:13-49
176            android:theme="@style/Theme.DevLauncher.ErrorActivity" />
176-->[:expo-dev-launcher] AndroidManifest.xml:33:13-67
177        <activity
177-->[:expo-dev-menu] AndroidManifest.xml:8:9-21:20
178            android:name="expo.modules.devmenu.DevMenuActivity"
178-->[:expo-dev-menu] AndroidManifest.xml:9:13-64
179            android:exported="true"
179-->[:expo-dev-menu] AndroidManifest.xml:10:13-36
180            android:launchMode="singleTask"
180-->[:expo-dev-menu] AndroidManifest.xml:11:13-44
181            android:theme="@style/Theme.AppCompat.Transparent.NoActionBar" >
181-->[:expo-dev-menu] AndroidManifest.xml:12:13-75
182            <intent-filter>
182-->[:expo-dev-menu] AndroidManifest.xml:13:13-20:29
183                <action android:name="android.intent.action.VIEW" />
183-->src/main/AndroidManifest.xml:14:7-58
183-->src/main/AndroidManifest.xml:14:15-56
184
185                <category android:name="android.intent.category.DEFAULT" />
185-->src/main/AndroidManifest.xml:32:9-67
185-->src/main/AndroidManifest.xml:32:19-65
186                <category android:name="android.intent.category.BROWSABLE" />
186-->src/main/AndroidManifest.xml:15:7-67
186-->src/main/AndroidManifest.xml:15:17-65
187
188                <data android:scheme="expo-dev-menu" />
188-->src/main/AndroidManifest.xml:16:7-37
188-->src/main/AndroidManifest.xml:16:13-35
189            </intent-filter>
190        </activity>
191
192        <provider
192-->[:expo-file-system] AndroidManifest.xml:21:9-30:20
193            android:name="expo.modules.filesystem.FileSystemFileProvider"
193-->[:expo-file-system] AndroidManifest.xml:22:13-74
194            android:authorities="com.anonymous.fesafetrakr.FileSystemFileProvider"
194-->[:expo-file-system] AndroidManifest.xml:23:13-74
195            android:exported="false"
195-->[:expo-file-system] AndroidManifest.xml:24:13-37
196            android:grantUriPermissions="true" >
196-->[:expo-file-system] AndroidManifest.xml:25:13-47
197            <meta-data
197-->[:expo-file-system] AndroidManifest.xml:27:13-29:70
198                android:name="android.support.FILE_PROVIDER_PATHS"
198-->[:expo-file-system] AndroidManifest.xml:28:17-67
199                android:resource="@xml/file_system_provider_paths" />
199-->[:expo-file-system] AndroidManifest.xml:29:17-67
200        </provider>
201
202        <service
202-->[:expo-location] AndroidManifest.xml:12:9-15:56
203            android:name="expo.modules.location.services.LocationTaskService"
203-->[:expo-location] AndroidManifest.xml:13:13-78
204            android:exported="false"
204-->[:expo-location] AndroidManifest.xml:14:13-37
205            android:foregroundServiceType="location" />
205-->[:expo-location] AndroidManifest.xml:15:13-53
206        <service
206-->[:expo-notifications] AndroidManifest.xml:11:9-17:19
207            android:name="expo.modules.notifications.service.ExpoFirebaseMessagingService"
207-->[:expo-notifications] AndroidManifest.xml:12:13-91
208            android:exported="false" >
208-->[:expo-notifications] AndroidManifest.xml:13:13-37
209            <intent-filter android:priority="-1" >
209-->[:expo-notifications] AndroidManifest.xml:14:13-16:29
209-->[:expo-notifications] AndroidManifest.xml:14:28-49
210                <action android:name="com.google.firebase.MESSAGING_EVENT" />
210-->[:expo-notifications] AndroidManifest.xml:15:17-78
210-->[:expo-notifications] AndroidManifest.xml:15:25-75
211            </intent-filter>
212        </service>
213
214        <receiver
214-->[:expo-notifications] AndroidManifest.xml:19:9-31:20
215            android:name="expo.modules.notifications.service.NotificationsService"
215-->[:expo-notifications] AndroidManifest.xml:20:13-83
216            android:enabled="true"
216-->[:expo-notifications] AndroidManifest.xml:21:13-35
217            android:exported="false" >
217-->[:expo-notifications] AndroidManifest.xml:22:13-37
218            <intent-filter android:priority="-1" >
218-->[:expo-notifications] AndroidManifest.xml:23:13-30:29
218-->[:expo-notifications] AndroidManifest.xml:23:28-49
219                <action android:name="expo.modules.notifications.NOTIFICATION_EVENT" />
219-->[:expo-notifications] AndroidManifest.xml:24:17-88
219-->[:expo-notifications] AndroidManifest.xml:24:25-85
220                <action android:name="android.intent.action.BOOT_COMPLETED" />
220-->[:expo-notifications] AndroidManifest.xml:25:17-79
220-->[:expo-notifications] AndroidManifest.xml:25:25-76
221                <action android:name="android.intent.action.REBOOT" />
221-->[:expo-notifications] AndroidManifest.xml:26:17-71
221-->[:expo-notifications] AndroidManifest.xml:26:25-68
222                <action android:name="android.intent.action.QUICKBOOT_POWERON" />
222-->[:expo-notifications] AndroidManifest.xml:27:17-82
222-->[:expo-notifications] AndroidManifest.xml:27:25-79
223                <action android:name="com.htc.intent.action.QUICKBOOT_POWERON" />
223-->[:expo-notifications] AndroidManifest.xml:28:17-82
223-->[:expo-notifications] AndroidManifest.xml:28:25-79
224                <action android:name="android.intent.action.MY_PACKAGE_REPLACED" />
224-->[:expo-notifications] AndroidManifest.xml:29:17-84
224-->[:expo-notifications] AndroidManifest.xml:29:25-81
225            </intent-filter>
226        </receiver>
227
228        <activity
228-->[:expo-notifications] AndroidManifest.xml:33:9-40:75
229            android:name="expo.modules.notifications.service.NotificationForwarderActivity"
229-->[:expo-notifications] AndroidManifest.xml:34:13-92
230            android:excludeFromRecents="true"
230-->[:expo-notifications] AndroidManifest.xml:35:13-46
231            android:exported="false"
231-->[:expo-notifications] AndroidManifest.xml:36:13-37
232            android:launchMode="standard"
232-->[:expo-notifications] AndroidManifest.xml:37:13-42
233            android:noHistory="true"
233-->[:expo-notifications] AndroidManifest.xml:38:13-37
234            android:taskAffinity=""
234-->[:expo-notifications] AndroidManifest.xml:39:13-36
235            android:theme="@android:style/Theme.Translucent.NoTitleBar" />
235-->[:expo-notifications] AndroidManifest.xml:40:13-72
236
237        <receiver
237-->[:expo-task-manager] AndroidManifest.xml:8:9-16:20
238            android:name="expo.modules.taskManager.TaskBroadcastReceiver"
238-->[:expo-task-manager] AndroidManifest.xml:9:13-74
239            android:exported="false" >
239-->[:expo-task-manager] AndroidManifest.xml:10:13-37
240            <intent-filter>
240-->[:expo-task-manager] AndroidManifest.xml:11:13-15:29
241                <action android:name="expo.modules.taskManager.TaskBroadcastReceiver.INTENT_ACTION" />
241-->[:expo-task-manager] AndroidManifest.xml:12:17-103
241-->[:expo-task-manager] AndroidManifest.xml:12:25-100
242                <action android:name="android.intent.action.BOOT_COMPLETED" />
242-->[:expo-notifications] AndroidManifest.xml:25:17-79
242-->[:expo-notifications] AndroidManifest.xml:25:25-76
243                <action android:name="android.intent.action.MY_PACKAGE_REPLACED" />
243-->[:expo-notifications] AndroidManifest.xml:29:17-84
243-->[:expo-notifications] AndroidManifest.xml:29:25-81
244            </intent-filter>
245        </receiver>
246
247        <service
247-->[:expo-task-manager] AndroidManifest.xml:18:9-22:72
248            android:name="expo.modules.taskManager.TaskJobService"
248-->[:expo-task-manager] AndroidManifest.xml:19:13-67
249            android:enabled="true"
249-->[:expo-task-manager] AndroidManifest.xml:20:13-35
250            android:exported="false"
250-->[:expo-task-manager] AndroidManifest.xml:21:13-37
251            android:permission="android.permission.BIND_JOB_SERVICE" />
251-->[:expo-task-manager] AndroidManifest.xml:22:13-69
252
253        <meta-data
253-->[:expo-task-manager] AndroidManifest.xml:24:9-26:36
254            android:name="expo.modules.taskManager.oneAppId"
254-->[:expo-task-manager] AndroidManifest.xml:25:13-61
255            android:value="true" />
255-->[:expo-task-manager] AndroidManifest.xml:26:13-33
256        <meta-data
256-->[:expo-modules-core] AndroidManifest.xml:9:9-11:89
257            android:name="org.unimodules.core.AppLoader#react-native-headless"
257-->[:expo-modules-core] AndroidManifest.xml:10:13-79
258            android:value="expo.modules.adapters.react.apploader.RNHeadlessAppLoader" />
258-->[:expo-modules-core] AndroidManifest.xml:11:13-86
259        <meta-data
259-->[:expo-modules-core] AndroidManifest.xml:12:9-15:45
260            android:name="com.facebook.soloader.enabled"
260-->[:expo-modules-core] AndroidManifest.xml:13:13-57
261            android:value="true" />
261-->[:expo-modules-core] AndroidManifest.xml:14:13-33
262
263        <activity
263-->[com.google.android.gms:play-services-base:18.1.0] AndroidManifest.xml:20:9-22:45
264            android:name="com.google.android.gms.common.api.GoogleApiActivity"
264-->[com.google.android.gms:play-services-base:18.1.0] AndroidManifest.xml:20:19-85
265            android:exported="false"
265-->[com.google.android.gms:play-services-base:18.1.0] AndroidManifest.xml:22:19-43
266            android:theme="@android:style/Theme.Translucent.NoTitleBar" />
266-->[com.google.android.gms:play-services-base:18.1.0] AndroidManifest.xml:21:19-78
267
268        <receiver
268-->[com.google.firebase:firebase-messaging:22.0.0] AndroidManifest.xml:28:9-35:20
269            android:name="com.google.firebase.iid.FirebaseInstanceIdReceiver"
269-->[com.google.firebase:firebase-messaging:22.0.0] AndroidManifest.xml:29:13-78
270            android:exported="true"
270-->[com.google.firebase:firebase-messaging:22.0.0] AndroidManifest.xml:30:13-36
271            android:permission="com.google.android.c2dm.permission.SEND" >
271-->[com.google.firebase:firebase-messaging:22.0.0] AndroidManifest.xml:31:13-73
272            <intent-filter>
272-->[com.google.firebase:firebase-messaging:22.0.0] AndroidManifest.xml:32:13-34:29
273                <action android:name="com.google.android.c2dm.intent.RECEIVE" />
273-->[com.google.firebase:firebase-messaging:22.0.0] AndroidManifest.xml:33:17-81
273-->[com.google.firebase:firebase-messaging:22.0.0] AndroidManifest.xml:33:25-78
274            </intent-filter>
275        </receiver>
276        <!--
277             FirebaseMessagingService performs security checks at runtime,
278             but set to not exported to explicitly avoid allowing another app to call it.
279        -->
280        <service
280-->[com.google.firebase:firebase-messaging:22.0.0] AndroidManifest.xml:41:9-48:19
281            android:name="com.google.firebase.messaging.FirebaseMessagingService"
281-->[com.google.firebase:firebase-messaging:22.0.0] AndroidManifest.xml:42:13-82
282            android:directBootAware="true"
282-->[com.google.firebase:firebase-messaging:22.0.0] AndroidManifest.xml:43:13-43
283            android:exported="false" >